[0.017s] Invoking command in '/home/naman72060/ros2_wsn/build/auto_explo': CMAKE_PREFIX_PATH=/opt/ros/humble /usr/bin/cmake --build /home/naman72060/ros2_wsn/build/auto_explo -- -j12 -l12
[0.043s] -- Found ament_cmake: 1.3.11 (/opt/ros/humble/share/ament_cmake/cmake)
[0.212s] -- Found rclcpp: 16.0.12 (/opt/ros/humble/share/rclcpp/cmake)
[0.578s] -- Found rosidl_generator_c: 3.1.6 (/opt/ros/humble/share/rosidl_generator_c/cmake)
[0.590s] -- Found rosidl_adapter: 3.1.6 (/opt/ros/humble/share/rosidl_adapter/cmake)
[0.607s] -- Found rosidl_generator_cpp: 3.1.6 (/opt/ros/humble/share/rosidl_generator_cpp/cmake)
[0.634s] -- Using all available rosidl_typesupport_c: rosidl_typesupport_fastrtps_c;rosidl_typesupport_introspection_c
[0.664s] -- Using all available rosidl_typesupport_cpp: rosidl_typesupport_fastrtps_cpp;rosidl_typesupport_introspection_cpp
[0.749s] -- Found rmw_implementation_cmake: 6.1.2 (/opt/ros/humble/share/rmw_implementation_cmake/cmake)
[0.756s] -- Found rmw_cyclonedds_cpp: 1.3.4 (/opt/ros/humble/share/rmw_cyclonedds_cpp/cmake)
[0.803s] -- Using RMW implementation 'rmw_cyclonedds_cpp' as default
[0.823s] -- Looking for pthread.h
[1.227s] -- Looking for pthread.h - found
[1.228s] -- Performing Test CMAKE_HAVE_LIBC_PTHREAD
[1.442s] -- Performing Test CMAKE_HAVE_LIBC_PTHREAD - Success
[1.443s] -- Found Threads: TRUE  
[1.547s] -- Found nav_msgs: 4.9.0 (/opt/ros/humble/share/nav_msgs/cmake)
[1.605s] -- Found ament_lint_auto: 0.12.12 (/opt/ros/humble/share/ament_lint_auto/cmake)
[1.701s] -- Added test 'cppcheck' to perform static code analysis on C / C++ code
[1.701s] -- Configured cppcheck include dirs: 
[1.701s] -- Configured cppcheck exclude dirs and/or files: 
[1.702s] -- Added test 'flake8' to check Python code syntax and style conventions
[1.703s] -- Added test 'lint_cmake' to check CMake code style
[1.704s] -- Added test 'pep257' to check Python code against some of the docstring style conventions in PEP 257
[1.704s] -- Added test 'uncrustify' to check C / C++ code style
[1.705s] -- Configured uncrustify additional arguments: 
[1.706s] -- Added test 'xmllint' to check XML markup files
[1.708s] -- Configuring done
[1.722s] -- Generating done
[1.727s] -- Build files have been written to: /home/naman72060/ros2_wsn/build/auto_explo
[1.766s] [ 50%] [32mBuilding CXX object CMakeFiles/wfd_node.dir/src/wfd_node.cpp.o[0m
[5.739s] [01m[K/home/naman72060/ros2_wsn/src/auto_explo/src/wfd_node.cpp:[m[K In function â€˜[01m[Kint main(int, char**)[m[Kâ€™:
[5.739s] [01m[K/home/naman72060/ros2_wsn/src/auto_explo/src/wfd_node.cpp:87:3:[m[K [01;31m[Kerror: [m[Kâ€˜[01m[Krclpy[m[Kâ€™ has not been declared
[5.739s]    87 |   [01;31m[Krclpy[m[K::init(argc, argv);
[5.739s]       |   [01;31m[K^~~~~[m[K
[9.157s] gmake[2]: *** [CMakeFiles/wfd_node.dir/build.make:76: CMakeFiles/wfd_node.dir/src/wfd_node.cpp.o] Error 1
[9.157s] gmake[1]: *** [CMakeFiles/Makefile2:137: CMakeFiles/wfd_node.dir/all] Error 2
[9.158s] gmake: *** [Makefile:146: all] Error 2
[9.161s] Invoked command in '/home/naman72060/ros2_wsn/build/auto_explo' returned '2': CMAKE_PREFIX_PATH=/opt/ros/humble /usr/bin/cmake --build /home/naman72060/ros2_wsn/build/auto_explo -- -j12 -l12
