-- Found ament_cmake: 1.3.11 (/opt/ros/humble/share/ament_cmake/cmake)
-- Found rclcpp: 16.0.12 (/opt/ros/humble/share/rclcpp/cmake)
-- Found rosidl_generator_c: 3.1.6 (/opt/ros/humble/share/rosidl_generator_c/cmake)
-- Found rosidl_adapter: 3.1.6 (/opt/ros/humble/share/rosidl_adapter/cmake)
-- Found rosidl_generator_cpp: 3.1.6 (/opt/ros/humble/share/rosidl_generator_cpp/cmake)
-- Using all available rosidl_typesupport_c: rosidl_typesupport_fastrtps_c;rosidl_typesupport_introspection_c
-- Using all available rosidl_typesupport_cpp: rosidl_typesupport_fastrtps_cpp;rosidl_typesupport_introspection_cpp
-- Found rmw_implementation_cmake: 6.1.2 (/opt/ros/humble/share/rmw_implementation_cmake/cmake)
-- Found rmw_cyclonedds_cpp: 1.3.4 (/opt/ros/humble/share/rmw_cyclonedds_cpp/cmake)
-- Using RMW implementation 'rmw_cyclonedds_cpp' as default
-- Found rclcpp_lifecycle: 16.0.12 (/opt/ros/humble/share/rclcpp_lifecycle/cmake)
-- Found nav2_core: 1.1.18 (/opt/ros/humble/share/nav2_core/cmake)
-- Ensuring Eigen3 include directory is part of orocos-kdl CMake target
-- Found ament_lint_auto: 0.12.12 (/opt/ros/humble/share/ament_lint_auto/cmake)
-- Added test 'cppcheck' to perform static code analysis on C / C++ code
-- Configured cppcheck include dirs: /home/naman72060/ros2_wsn/src/nav2_custom_planner/include
-- Configured cppcheck exclude dirs and/or files: 
-- Added test 'lint_cmake' to check CMake code style
-- Added test 'uncrustify' to check C / C++ code style
-- Configured uncrustify additional arguments: 
-- Added test 'xmllint' to check XML markup files
-- Configuring done
-- Generating done
-- Build files have been written to: /home/naman72060/ros2_wsn/build/nav2_custom_planner
[ 50%] [32mBuilding CXX object CMakeFiles/nav2_custom_planner_plugin.dir/src/custom_planner.cpp.o[0m
In file included from [01m[K/home/naman72060/ros2_wsn/src/nav2_custom_planner/src/custom_planner.cpp:9[m[K:
[01m[K/home/naman72060/ros2_wsn/src/nav2_custom_planner/include/nav2_custom_planner/custom_planner.hpp:36:23:[m[K [01;31m[Kerror: [m[Kâ€˜[01m[Knav_msgs::msg::Path nav2_custom_planner::CustomPlanner::createPlan(const PoseStamped&, const PoseStamped&, std::function<bool()>)[m[Kâ€™ marked â€˜[01m[Koverride[m[Kâ€™, but does not override
   36 |   nav_msgs::msg::Path [01;31m[KcreatePlan[m[K(
      |                       [01;31m[K^~~~~~~~~~[m[K
In file included from [01m[K/opt/ros/humble/include/class_loader/class_loader/class_loader_core.hpp:57[m[K,
                 from [01m[K/opt/ros/humble/include/class_loader/class_loader/class_loader.hpp:55[m[K,
                 from [01m[K/opt/ros/humble/include/class_loader/class_loader/multi_library_class_loader.hpp:52[m[K,
                 from [01m[K/opt/ros/humble/include/pluginlib/pluginlib/class_loader.hpp:38[m[K,
                 from [01m[K/opt/ros/humble/include/nav2_costmap_2d/nav2_costmap_2d/costmap_2d_ros.hpp:54[m[K,
                 from [01m[K/opt/ros/humble/include/nav2_core/global_planner.hpp:21[m[K,
                 from [01m[K/home/naman72060/ros2_wsn/src/nav2_custom_planner/include/nav2_custom_planner/custom_planner.hpp:11[m[K,
                 from [01m[K/home/naman72060/ros2_wsn/src/nav2_custom_planner/src/custom_planner.cpp:9[m[K:
/opt/ros/humble/include/class_loader/class_loader/meta_object.hpp: In instantiation of â€˜[01m[KB* class_loader::impl::MetaObject<C, B>::create() const [with C = nav2_custom_planner::CustomPlanner; B = nav2_core::GlobalPlanner][m[Kâ€™:
[01m[K/opt/ros/humble/include/class_loader/class_loader/meta_object.hpp:216:7:[m[K   required from here
[01m[K/opt/ros/humble/include/class_loader/class_loader/meta_object.hpp:218:12:[m[K [01;31m[Kerror: [m[Kinvalid new-expression of abstract class type â€˜[01m[Knav2_custom_planner::CustomPlanner[m[Kâ€™
  218 |     return [01;31m[Knew C[m[K;
      |            [01;31m[K^~~~~[m[K
In file included from [01m[K/home/naman72060/ros2_wsn/src/nav2_custom_planner/src/custom_planner.cpp:9[m[K:
[01m[K/home/naman72060/ros2_wsn/src/nav2_custom_planner/include/nav2_custom_planner/custom_planner.hpp:18:7:[m[K [01;36m[Knote: [m[K  because the following virtual functions are pure within â€˜[01m[Knav2_custom_planner::CustomPlanner[m[Kâ€™:
   18 | class [01;36m[KCustomPlanner[m[K : public nav2_core::GlobalPlanner
      |       [01;36m[K^~~~~~~~~~~~~[m[K
In file included from [01m[K/home/naman72060/ros2_wsn/src/nav2_custom_planner/include/nav2_custom_planner/custom_planner.hpp:11[m[K,
                 from [01m[K/home/naman72060/ros2_wsn/src/nav2_custom_planner/src/custom_planner.cpp:9[m[K:
[01m[K/opt/ros/humble/include/nav2_core/global_planner.hpp:76:31:[m[K [01;36m[Knote: [m[K    â€˜[01m[Kvirtual nav_msgs::msg::Path nav2_core::GlobalPlanner::createPlan(const PoseStamped&, const PoseStamped&)[m[Kâ€™
   76 |   virtual nav_msgs::msg::Path [01;36m[KcreatePlan[m[K(
      |                               [01;36m[K^~~~~~~~~~[m[K
gmake[2]: *** [CMakeFiles/nav2_custom_planner_plugin.dir/build.make:76: CMakeFiles/nav2_custom_planner_plugin.dir/src/custom_planner.cpp.o] Error 1
gmake[1]: *** [CMakeFiles/Makefile2:137: CMakeFiles/nav2_custom_planner_plugin.dir/all] Error 2
gmake: *** [Makefile:146: all] Error 2
