[01m[K/home/naman72060/ros2_wsn/src/nav2_custom_planner/src/custom_planner.cpp:154:3:[m[K [01;31m[Kerror: [m[Kâ€˜[01m[KNode[m[Kâ€™ does not name a type
  154 |   [01;31m[KNode[m[K* node_ptr = final_node;
      |   [01;31m[K^~~~[m[K
[01m[K/home/naman72060/ros2_wsn/src/nav2_custom_planner/src/custom_planner.cpp:155:3:[m[K [01;31m[Kerror: [m[Kexpected unqualified-id before â€˜[01m[Kwhile[m[Kâ€™
  155 |   [01;31m[Kwhile[m[K (node_ptr) {
      |   [01;31m[K^~~~~[m[K
[01m[K/home/naman72060/ros2_wsn/src/nav2_custom_planner/src/custom_planner.cpp:169:15:[m[K [01;31m[Kerror: [m[Kexpected constructor, destructor, or type conversion before â€˜[01m[K([m[Kâ€™ token
  169 |   std::reverse[01;31m[K([m[Kpath_poses.begin(), path_poses.end());
      |               [01;31m[K^[m[K
[01m[K/home/naman72060/ros2_wsn/src/nav2_custom_planner/src/custom_planner.cpp:170:3:[m[K [01;31m[Kerror: [m[Kâ€˜[01m[Kglobal_path[m[Kâ€™ does not name a type
  170 |   [01;31m[Kglobal_path[m[K.poses = path_poses;
      |   [01;31m[K^~~~~~~~~~~[m[K
In file included from [01m[K/opt/ros/humble/include/rclcpp/rclcpp/client.hpp:40[m[K,
                 from [01m[K/opt/ros/humble/include/rclcpp/rclcpp/callback_group.hpp:24[m[K,
                 from [01m[K/opt/ros/humble/include/rclcpp/rclcpp/any_executable.hpp:20[m[K,
                 from [01m[K/opt/ros/humble/include/rclcpp/rclcpp/memory_strategy.hpp:25[m[K,
                 from [01m[K/opt/ros/humble/include/rclcpp/rclcpp/memory_strategies.hpp:18[m[K,
                 from [01m[K/opt/ros/humble/include/rclcpp/rclcpp/executor_options.hpp:20[m[K,
                 from [01m[K/opt/ros/humble/include/rclcpp/rclcpp/executor.hpp:37[m[K,
                 from [01m[K/opt/ros/humble/include/rclcpp/rclcpp/executors/multi_threaded_executor.hpp:25[m[K,
                 from [01m[K/opt/ros/humble/include/rclcpp/rclcpp/executors.hpp:21[m[K,
                 from [01m[K/opt/ros/humble/include/rclcpp/rclcpp/rclcpp.hpp:155[m[K,
                 from [01m[K/opt/ros/humble/include/nav2_util/node_utils.hpp:20[m[K,
                 from [01m[K/home/naman72060/ros2_wsn/src/nav2_custom_planner/src/custom_planner.cpp:8[m[K:
[01m[K/home/naman72060/ros2_wsn/src/nav2_custom_planner/src/custom_planner.cpp:172:3:[m[K [01;31m[Kerror: [m[Kexpected unqualified-id before â€˜[01m[Kdo[m[Kâ€™
  172 |   [01;31m[KRCLCPP_INFO[m[K(node_->get_logger(), "A* path with %zu poses found", global_path.poses.size());
      |   [01;31m[K^~~~~~~~~~~[m[K
[01m[K/home/naman72060/ros2_wsn/src/nav2_custom_planner/src/custom_planner.cpp:172:3:[m[K [01;31m[Kerror: [m[Kexpected unqualified-id before â€˜[01m[Kwhile[m[Kâ€™
  172 |   [01;31m[KRCLCPP_INFO[m[K(node_->get_logger(), "A* path with %zu poses found", global_path.poses.size());
      |   [01;31m[K^~~~~~~~~~~[m[K
[01m[K/home/naman72060/ros2_wsn/src/nav2_custom_planner/src/custom_planner.cpp:173:3:[m[K [01;31m[Kerror: [m[Kexpected unqualified-id before â€˜[01m[Kreturn[m[Kâ€™
  173 |   [01;31m[Kreturn[m[K global_path;
      |   [01;31m[K^~~~~~[m[K
[01m[K/home/naman72060/ros2_wsn/src/nav2_custom_planner/src/custom_planner.cpp:176:1:[m[K [01;31m[Kerror: [m[Kexpected declaration before â€˜[01m[K}[m[Kâ€™ token
  176 | [01;31m[K}[m[K  // namespace nav2_custom_planner
      | [01;31m[K^[m[K
gmake[2]: *** [CMakeFiles/nav2_custom_planner_plugin.dir/build.make:76: CMakeFiles/nav2_custom_planner_plugin.dir/src/custom_planner.cpp.o] Error 1
gmake[1]: *** [CMakeFiles/Makefile2:137: CMakeFiles/nav2_custom_planner_plugin.dir/all] Error 2
gmake: *** [Makefile:146: all] Error 2
